c:\users\baxin\downloads\apex_dma_kvm_pub-master3\apex_dma_kvm_pub-master\apex_guest\overlay\overlay\x64\release\vc143.pdb
c:\users\baxin\downloads\apex_dma_kvm_pub-master3\apex_dma_kvm_pub-master\apex_guest\overlay\overlay\x64\release\main.obj
c:\users\baxin\downloads\krackercorepo\apex_guest\overlay\overlay\x64\release\vc143.pdb
c:\users\baxin\downloads\krackercorepo\apex_guest\overlay\overlay\x64\release\main.obj
c:\users\baxin\downloads\apex_dma_kvm_pub-master3\apex_dma_kvm_pub-master\apex_guest\x64\release\overlay_ap.exe
c:\users\baxin\downloads\apex_dma_kvm_pub-master3\apex_dma_kvm_pub-master\apex_guest\overlay\overlay\x64\release\overlay_ap.ipdb
c:\users\baxin\downloads\apex_dma_kvm_pub-master3\apex_dma_kvm_pub-master\apex_guest\x64\release\overlay_ap.pdb
c:\users\baxin\downloads\apex_dma_kvm_pub-master3\apex_dma_kvm_pub-master\apex_guest\overlay\overlay\x64\release\overlay_ap.iobj
c:\users\baxin\downloads\krackercorepo\apex_guest\x64\release\overlay_ap.exe
c:\users\baxin\downloads\krackercorepo\apex_guest\overlay\overlay\x64\release\overlay_ap.ipdb
c:\users\baxin\downloads\krackercorepo\apex_guest\x64\release\overlay_ap.pdb
c:\users\baxin\downloads\krackercorepo\apex_guest\overlay\overlay\x64\release\overlay_ap.iobj
c:\users\baxin\downloads\krackercorepo\apex_guest\x64\release\stragulum.pdb
c:\users\baxin\downloads\krackercorepo\apex_guest\x64\release\stragulum.exe
c:\users\baxin\downloads\krackercorepo\apex_guest\overlay\overlay\x64\release\overlay.tlog\cl.command.1.tlog
c:\users\baxin\downloads\krackercorepo\apex_guest\overlay\overlay\x64\release\overlay.tlog\cl.read.1.tlog
c:\users\baxin\downloads\krackercorepo\apex_guest\overlay\overlay\x64\release\overlay.tlog\cl.write.1.tlog
c:\users\baxin\downloads\krackercorepo\apex_guest\overlay\overlay\x64\release\overlay.tlog\clang-cl.command.1.tlog
c:\users\baxin\downloads\krackercorepo\apex_guest\overlay\overlay\x64\release\overlay.tlog\clang-cl.read.1.tlog
c:\users\baxin\downloads\krackercorepo\apex_guest\overlay\overlay\x64\release\overlay.tlog\clang-cl.write.1.tlog
c:\users\baxin\downloads\krackercorepo\apex_guest\overlay\overlay\x64\release\overlay.tlog\link.command.1.tlog
c:\users\baxin\downloads\krackercorepo\apex_guest\overlay\overlay\x64\release\overlay.tlog\link.read.1.tlog
c:\users\baxin\downloads\krackercorepo\apex_guest\overlay\overlay\x64\release\overlay.tlog\link.write.1.tlog
c:\users\baxin\downloads\krackercorepo\apex_guest\overlay\overlay\x64\release\overlay.tlog\lld-link.command.1.tlog
c:\users\baxin\downloads\krackercorepo\apex_guest\overlay\overlay\x64\release\overlay.tlog\lld-link.read.1.tlog
c:\users\baxin\downloads\krackercorepo\apex_guest\overlay\overlay\x64\release\overlay.tlog\lld-link.write.1.tlog
